<?xml version="1.0" encoding="UTF-8"?>
<testng-results skipped="0" failed="0" total="5" passed="5">
  <reporter-output>
  </reporter-output>
  <suite name="Suite" duration-ms="80235" started-at="2018-08-22T03:44:29Z" finished-at="2018-08-22T03:45:49Z">
    <groups>
    </groups>
    <test name="Test" duration-ms="80235" started-at="2018-08-22T03:44:29Z" finished-at="2018-08-22T03:45:49Z">
      <class name="com.mevanproject.NewTest1">
        <test-method status="PASS" signature="f()[pri:0, instance:com.mevanproject.NewTest1@6f7fd0e6]" name="f" duration-ms="2116" started-at="2018-08-21T23:45:37Z" finished-at="2018-08-21T23:45:39Z">
          <reporter-output>
          </reporter-output>
        </test-method> <!-- f -->
        <test-method status="PASS" signature="login()[pri:0, instance:com.mevanproject.NewTest1@6f7fd0e6]" name="login" duration-ms="9908" started-at="2018-08-21T23:45:39Z" finished-at="2018-08-21T23:45:49Z">
          <reporter-output>
          </reporter-output>
        </test-method> <!-- login -->
      </class> <!-- com.mevanproject.NewTest1 -->
      <class name="com.mevanproject.NewTest">
        <test-method status="PASS" signature="beforeTest()[pri:0, instance:com.mevanproject.NewTest@27efef64]" name="beforeTest" is-config="true" duration-ms="25103" started-at="2018-08-21T23:44:29Z" finished-at="2018-08-21T23:44:54Z">
          <reporter-output>
          </reporter-output>
        </test-method> <!-- beforeTest -->
        <test-method status="PASS" signature="beforeTest()[pri:0, instance:com.mevanproject.NewTest1@6f7fd0e6]" name="beforeTest" is-config="true" duration-ms="27851" started-at="2018-08-21T23:44:54Z" finished-at="2018-08-21T23:45:22Z">
          <reporter-output>
          </reporter-output>
        </test-method> <!-- beforeTest -->
        <test-method status="PASS" signature="f(java.lang.String, java.lang.String)[pri:0, instance:com.mevanproject.NewTest@27efef64]" name="f" duration-ms="7696" started-at="2018-08-21T23:45:22Z" data-provider="getdata" finished-at="2018-08-21T23:45:30Z">
          <params>
            <param index="0">
              <value>
                <![CDATA[dee@gmail.com]]>
              </value>
            </param>
            <param index="1">
              <value>
                <![CDATA[23444]]>
              </value>
            </param>
          </params>
          <reporter-output>
          </reporter-output>
        </test-method> <!-- f -->
        <test-method status="PASS" signature="f(java.lang.String, java.lang.String)[pri:0, instance:com.mevanproject.NewTest@27efef64]" name="f" duration-ms="7135" started-at="2018-08-21T23:45:30Z" data-provider="getdata" finished-at="2018-08-21T23:45:37Z">
          <params>
            <param index="0">
              <value>
                <![CDATA[sahye@hdsks.com]]>
              </value>
            </param>
            <param index="1">
              <value>
                <![CDATA[364674]]>
              </value>
            </param>
          </params>
          <reporter-output>
          </reporter-output>
        </test-method> <!-- f -->
        <test-method status="PASS" signature="nav()[pri:0, instance:com.mevanproject.NewTest@27efef64]" name="nav" duration-ms="385" started-at="2018-08-21T23:45:37Z" finished-at="2018-08-21T23:45:37Z">
          <reporter-output>
          </reporter-output>
        </test-method> <!-- nav -->
        <test-method status="PASS" signature="afterTest()[pri:0, instance:com.mevanproject.NewTest@27efef64]" name="afterTest" is-config="true" duration-ms="0" started-at="2018-08-21T23:45:49Z" finished-at="2018-08-21T23:45:49Z">
          <reporter-output>
          </reporter-output>
        </test-method> <!-- afterTest -->
      </class> <!-- com.mevanproject.NewTest -->
    </test> <!-- Test -->
  </suite> <!-- Suite -->
</testng-results>
