<?xml version="1.0" encoding="UTF-8"?>
<!-- Generated by org.testng.reporters.JUnitXMLReporter -->
<testsuite hostname="DESKTOP-VRSKQJG" name="Test" tests="5" failures="0" timestamp="22 Aug 2018 03:45:49 GMT" time="80.235" errors="0">
  <testcase name="f" time="7.696" classname="com.mevanproject.NewTest"/>
  <testcase name="f" time="7.135" classname="com.mevanproject.NewTest"/>
  <testcase name="nav" time="0.385" classname="com.mevanproject.NewTest"/>
  <testcase name="f" time="2.116" classname="com.mevanproject.NewTest1"/>
  <testcase name="login" time="9.908" classname="com.mevanproject.NewTest1"/>
</testsuite> <!-- Test -->
