<?xml version="1.0" encoding="UTF-8"?>
<!-- Generated by org.testng.reporters.JUnitXMLReporter -->
<testsuite hostname="DESKTOP-VRSKQJG" name="Default test" tests="3" failures="0" timestamp="21 Aug 2018 01:12:24 GMT" time="38.232" errors="0">
  <testcase name="f" time="7.811" classname="com.mevanproject.NewTest"/>
  <testcase name="f" time="7.611" classname="com.mevanproject.NewTest"/>
  <testcase name="nav" time="0.425" classname="com.mevanproject.NewTest"/>
</testsuite> <!-- Default test -->
